Pseudo-terminal will not be allocated because stdin is not a terminal.
Welcome to Ubuntu 22.04.5 LTS (GNU/Linux 5.15.0-1089-kvm x86_64)

 * Documentation:  https://help.ubuntu.com
 * Management:     https://landscape.canonical.com
 * Support:        https://ubuntu.com/pro

 System information as of Sat Jun 13 06:33:15 UTC 2026

  System load:  0.01               Processes:             96
  Usage of /:   20.2% of 19.20GB   Users logged in:       1
  Memory usage: 20%                IPv4 address for eth0: 20.20.20.80
  Swap usage:   0%

 * Strictly confined Kubernetes makes edge and IoT secure. Learn how MicroK8s
   just raised the bar for easy, resilient and secure K8s cluster deployment.

   https://ubuntu.com/engage/secure-kubernetes-at-the-edge

Expanded Security Maintenance for Applications is not enabled.

0 updates can be applied immediately.

Enable ESM Apps to receive additional future security updates.
See https://ubuntu.com/esm or run: sudo pro status

New release '24.04.4 LTS' available.
Run 'do-release-upgrade' to upgrade to it.


*** System restart required ***

WARNING! Your credentials are stored unencrypted in '/home/dashnew/.docker/config.json'.
Configure a credential helper to remove this warning. See
https://docs.docker.com/go/credential-store/

Login Succeeded
time="2026-06-13T06:33:29Z" level=warning msg="/home/dashboard-server/docker-compose.yml: the attribute `version` is obsolete, it will be ignored, please remove it to avoid potential confusion"
unable to get image 'redis:7-alpine': permission denied while trying to connect to the docker API at unix:///var/run/docker.sock
time="2026-06-13T06:33:29Z" level=warning msg="/home/dashboard-server/docker-compose.yml: the attribute `version` is obsolete, it will be ignored, please remove it to avoid potential confusion"
unable to get image 'mysql:8.0': permission denied while trying to connect to the docker API at unix:///var/run/docker.sock
permission denied while trying to connect to the docker API at unix:///var/run/docker.sock
